2020-05-12 19:52:25 INFO  activityLogger:32 - [RequestMapping:/]-method:addView
2020-05-12 19:53:42 INFO  activityLogger:25 - [RequestMapping:/test]-method:addViewControllers
2020-05-12 19:54:36 INFO  activityLogger:46 - [RequestMapping:/error]-method:testError
2020-05-12 19:55:09 INFO  activityLogger:54 - [RequestMapping:/error2]-method:testError2
2020-05-12 20:35:57 INFO  activityLogger:32 - [RequestMapping:/]-method:addView
2020-05-12 20:37:13 INFO  activityLogger:25 - [RequestMapping:/test]-method:addViewControllers
2020-05-12 20:37:46 INFO  activityLogger:46 - [RequestMapping:/error]-method:testError
2020-05-12 20:44:27 INFO  activityLogger:54 - [RequestMapping:/error2]-method:testError2
2020-05-12 20:47:23 INFO  activityLogger:54 - [RequestMapping:/error2]-method:testError2
2020-05-12 20:47:50 INFO  activityLogger:46 - [RequestMapping:/error]-method:testError
2020-05-12 20:50:08 INFO  activityLogger:32 - [RequestMapping:/]-method:addView
2020-05-12 20:50:35 INFO  activityLogger:46 - [RequestMapping:/error]-method:testError
2020-05-12 20:51:16 INFO  activityLogger:32 - [RequestMapping:/]-method:addView
2020-05-12 20:51:23 INFO  activityLogger:46 - [RequestMapping:/error]-method:testError
2020-05-12 20:52:35 INFO  activityLogger:46 - [RequestMapping:/error]-method:testError
2020-05-12 20:53:18 INFO  activityLogger:54 - [RequestMapping:/error2]-method:testError2
2020-05-12 21:12:22 INFO  activityLogger:32 - [RequestMapping:/]-method:addView
2020-05-12 21:12:54 INFO  activityLogger:54 - [RequestMapping:/error2]-method:testError2
2020-05-12 21:23:08 INFO  activityLogger:33 - [RequestMapping:/]-method:addView
2020-05-12 21:23:20 INFO  activityLogger:47 - [RequestMapping:/error]-method:testError
2020-05-12 21:23:49 INFO  activityLogger:55 - [RequestMapping:/error2]-method:testError2
2020-05-12 21:59:24 INFO  activityLogger:33 - [RequestMapping:/]-method:addView
2020-05-12 22:00:56 INFO  activityLogger:26 - [RequestMapping:/test]-method:addViewControllers
2020-05-16 17:04:16 INFO  activityLogger:38 - [RequestMapping:/harga]-method:selectHarga
2020-05-16 17:06:38 INFO  activityLogger:47 - [RequestMapping:/user]-method:selectUser
2020-05-16 17:27:04 INFO  activityLogger:47 - [RequestMapping:/user]-method:selectUser
2020-05-16 17:29:55 INFO  activityLogger:38 - [RequestMapping:/harga]-method:selectHarga
2020-05-16 17:30:09 INFO  activityLogger:47 - [RequestMapping:/user]-method:selectUser
2020-05-16 17:43:15 INFO  activityLogger:47 - [RequestMapping:/user]-method:selectUser
2020-05-16 20:28:45 INFO  activityLogger:47 - [RequestMapping:/user]-method:selectUser
2020-05-16 20:54:35 INFO  activityLogger:47 - [RequestMapping:/user]-method:selectUser
2020-05-16 21:05:19 INFO  activityLogger:47 - [RequestMapping:/user]-method:selectUser
2020-05-16 21:14:15 INFO  activityLogger:47 - [RequestMapping:/user]-method:selectUser
2020-05-16 21:22:25 INFO  activityLogger:47 - [RequestMapping:/user]-method:selectUser
2020-05-16 21:38:31 INFO  activityLogger:47 - [RequestMapping:/user]-method:selectUser
2020-05-16 21:57:13 INFO  activityLogger:47 - [RequestMapping:/user]-method:selectUser
2020-05-16 22:02:31 INFO  activityLogger:47 - [RequestMapping:/user]-method:selectUser
2020-05-16 22:08:31 INFO  activityLogger:47 - [RequestMapping:/user]-method:selectUser
2020-05-16 22:12:32 INFO  activityLogger:47 - [RequestMapping:/user]-method:selectUser
2020-05-16 22:18:43 INFO  activityLogger:47 - [RequestMapping:/user]-method:selectUser
2020-05-16 22:31:48 INFO  activityLogger:47 - [RequestMapping:/user]-method:selectUser
2020-05-16 23:03:49 INFO  activityLogger:47 - [RequestMapping:/user]-method:selectUser
